<?xml version="1.0" encoding="UTF-8"?>
<testng-results ignored="0" total="3" passed="2" failed="1" skipped="0">
  <reporter-output>
  </reporter-output>
  <suite started-at="2024-09-14T12:34:27 IST" name="Suite" finished-at="2024-09-14T12:34:50 IST" duration-ms="23860">
    <groups>
    </groups>
    <test started-at="2024-09-14T12:34:27 IST" name="Test" finished-at="2024-09-14T12:34:50 IST" duration-ms="23860">
      <class name="com.inetbanking_hybridframework.testcases.HomePageTestCases">
        <test-method is-config="true" signature="init()[pri:0, instance:com.inetbanking_hybridframework.testcases.HomePageTestCases@53045c6c]" started-at="2024-09-14T12:34:26 IST" name="init" finished-at="2024-09-14T12:34:27 IST" duration-ms="14" status="PASS">
          <reporter-output>
          </reporter-output>
        </test-method> <!-- init -->
        <test-method is-config="true" signature="setup(java.lang.String)[pri:0, instance:com.inetbanking_hybridframework.testcases.HomePageTestCases@53045c6c]" started-at="2024-09-14T12:34:27 IST" name="setup" finished-at="2024-09-14T12:34:46 IST" duration-ms="18846" status="PASS">
          <params>
            <param index="0">
              <value>
                <![CDATA[Chrome]]>
              </value>
            </param>
          </params>
          <reporter-output>
          </reporter-output>
        </test-method> <!-- setup -->
        <test-method is-config="true" signature="initialisePageObjects()[pri:0, instance:com.inetbanking_hybridframework.testcases.HomePageTestCases@53045c6c]" started-at="2024-09-14T12:34:46 IST" name="initialisePageObjects" finished-at="2024-09-14T12:34:47 IST" duration-ms="1245" status="PASS">
          <reporter-output>
          </reporter-output>
        </test-method> <!-- initialisePageObjects -->
        <test-method signature="logoutFunctionality()[pri:0, instance:com.inetbanking_hybridframework.testcases.HomePageTestCases@53045c6c]" started-at="2024-09-14T12:34:47 IST" name="logoutFunctionality" finished-at="2024-09-14T12:34:48 IST" duration-ms="1449" status="PASS">
          <reporter-output>
          </reporter-output>
        </test-method> <!-- logoutFunctionality -->
        <test-method is-config="true" signature="teardown()[pri:0, instance:com.inetbanking_hybridframework.testcases.HomePageTestCases@53045c6c]" started-at="2024-09-14T12:34:50 IST" name="teardown" finished-at="2024-09-14T12:34:50 IST" duration-ms="612" status="PASS">
          <reporter-output>
          </reporter-output>
        </test-method> <!-- teardown -->
      </class> <!-- com.inetbanking_hybridframework.testcases.HomePageTestCases -->
      <class name="com.inetbanking_hybridframework.testcases.LoginPageTestCases">
        <test-method is-config="true" signature="initialisePageObjects()[pri:0, instance:com.inetbanking_hybridframework.testcases.LoginPageTestCases@53fb3dab]" started-at="2024-09-14T12:34:48 IST" name="initialisePageObjects" finished-at="2024-09-14T12:34:49 IST" duration-ms="894" status="PASS">
          <reporter-output>
          </reporter-output>
        </test-method> <!-- initialisePageObjects -->
        <test-method signature="validateLoginPageTitle()[pri:1, instance:com.inetbanking_hybridframework.testcases.LoginPageTestCases@53fb3dab]" started-at="2024-09-14T12:34:49 IST" name="validateLoginPageTitle" finished-at="2024-09-14T12:34:49 IST" duration-ms="20" status="FAIL">
          <exception class="java.lang.AssertionError">
            <message>
              <![CDATA[expected [Guru99 Bank Home Page] but found [Guru99 Bank Manager HomePage]]]>
            </message>
            <full-stacktrace>
              <![CDATA[java.lang.AssertionError: expected [Guru99 Bank Home Page] but found [Guru99 Bank Manager HomePage]
at org.testng.Assert.fail(Assert.java:111)
at org.testng.Assert.failNotEquals(Assert.java:1578)
at org.testng.Assert.assertEqualsImpl(Assert.java:150)
at org.testng.Assert.assertEquals(Assert.java:132)
at org.testng.Assert.assertEquals(Assert.java:656)
at org.testng.Assert.assertEquals(Assert.java:666)
at com.inetbanking_hybridframework.testcases.LoginPageTestCases.validateLoginPageTitle(LoginPageTestCases.java:20)
at java.base/jdk.internal.reflect.NativeMethodAccessorImpl.invoke0(Native Method)
at java.base/jdk.internal.reflect.NativeMethodAccessorImpl.invoke(NativeMethodAccessorImpl.java:77)
at java.base/jdk.internal.reflect.DelegatingMethodAccessorImpl.invoke(DelegatingMethodAccessorImpl.java:43)
at java.base/java.lang.reflect.Method.invoke(Method.java:568)
at org.testng.internal.invokers.MethodInvocationHelper.invokeMethod(MethodInvocationHelper.java:141)
at org.testng.internal.invokers.TestInvoker.invokeMethod(TestInvoker.java:686)
at org.testng.internal.invokers.TestInvoker.invokeTestMethod(TestInvoker.java:230)
at org.testng.internal.invokers.MethodRunner.runInSequence(MethodRunner.java:63)
at org.testng.internal.invokers.TestInvoker$MethodInvocationAgent.invoke(TestInvoker.java:992)
at org.testng.internal.invokers.TestInvoker.invokeTestMethods(TestInvoker.java:203)
at org.testng.internal.invokers.TestMethodWorker.invokeTestMethods(TestMethodWorker.java:154)
at org.testng.internal.invokers.TestMethodWorker.run(TestMethodWorker.java:134)
at java.base/java.util.ArrayList.forEach(ArrayList.java:1511)
at org.testng.TestRunner.privateRun(TestRunner.java:739)
at org.testng.TestRunner.run(TestRunner.java:614)
at org.testng.SuiteRunner.runTest(SuiteRunner.java:421)
at org.testng.SuiteRunner.runSequentially(SuiteRunner.java:413)
at org.testng.SuiteRunner.privateRun(SuiteRunner.java:373)
at org.testng.SuiteRunner.run(SuiteRunner.java:312)
at org.testng.SuiteRunnerWorker.runSuite(SuiteRunnerWorker.java:52)
at org.testng.SuiteRunnerWorker.run(SuiteRunnerWorker.java:95)
at org.testng.TestNG.runSuitesSequentially(TestNG.java:1274)
at org.testng.TestNG.runSuitesLocally(TestNG.java:1208)
at org.testng.TestNG.runSuites(TestNG.java:1112)
at org.testng.TestNG.run(TestNG.java:1079)
at org.testng.remote.AbstractRemoteTestNG.run(AbstractRemoteTestNG.java:115)
at org.testng.remote.RemoteTestNG.initAndRun(RemoteTestNG.java:293)
at org.testng.remote.RemoteTestNG.main(RemoteTestNG.java:91)
]]>
            </full-stacktrace>
          </exception> <!-- java.lang.AssertionError -->
          <reporter-output>
          </reporter-output>
        </test-method> <!-- validateLoginPageTitle -->
        <test-method signature="validateLoginFunctionality()[pri:2, instance:com.inetbanking_hybridframework.testcases.LoginPageTestCases@53fb3dab]" started-at="2024-09-14T12:34:50 IST" name="validateLoginFunctionality" finished-at="2024-09-14T12:34:50 IST" duration-ms="18" status="PASS">
          <reporter-output>
          </reporter-output>
        </test-method> <!-- validateLoginFunctionality -->
      </class> <!-- com.inetbanking_hybridframework.testcases.LoginPageTestCases -->
    </test> <!-- Test -->
  </suite> <!-- Suite -->
</testng-results>
