<?xml version="1.0" encoding="UTF-8"?>
<!-- Generated by org.testng.reporters.JUnitXMLReporter -->
<testsuite ignored="3" hostname="LAPTOP-BKF1645O" failures="1" tests="3" name="Test" time="23.86" errors="0" timestamp="2024-09-14T12:34:50 IST">
  <testcase classname="com.inetbanking_hybridframework.testcases.HomePageTestCases" name="logoutFunctionality" time="1.449"/>
  <testcase classname="com.inetbanking_hybridframework.testcases.LoginPageTestCases" name="validateLoginPageTitle" time="0.02">
    <failure type="java.lang.AssertionError" message="expected [Guru99 Bank Home Page] but found [Guru99 Bank Manager HomePage]">
      <![CDATA[java.lang.AssertionError: expected [Guru99 Bank Home Page] but found [Guru99 Bank Manager HomePage]
at com.inetbanking_hybridframework.testcases.LoginPageTestCases.validateLoginPageTitle(LoginPageTestCases.java:20)
at java.base/java.util.ArrayList.forEach(ArrayList.java:1511)
... Removed 33 stack frames]]>
    </failure>
  </testcase> <!-- validateLoginPageTitle -->
  <testcase classname="com.inetbanking_hybridframework.testcases.LoginPageTestCases" name="validateLoginFunctionality" time="0.018"/>
  <testcase classname="com.inetbanking_hybridframework.testbase.TestBase" name="@BeforeSuite init" time="0.0">
    <ignored/>
  </testcase> <!-- @BeforeSuite init -->
  <testcase classname="com.inetbanking_hybridframework.testbase.TestBase" name="@BeforeTest setup" time="0.0">
    <ignored/>
  </testcase> <!-- @BeforeTest setup -->
  <testcase classname="com.inetbanking_hybridframework.testbase.TestBase" name="@AfterTest teardown" time="0.0">
    <ignored/>
  </testcase> <!-- @AfterTest teardown -->
</testsuite> <!-- Test -->
